This is pdfTeX, Version 3.141592653-2.6-1.40.27 (TeX Live 2025/Termux) (preloaded format=pdflatex 2025.10.28)  30 OCT 2025 19:33
entering extended mode
 restricted \write18 enabled.
 %&-line parsing enabled.
**README.md
(./README.md
LaTeX2e <2025-06-01> patch level 1
L3 programming layer <2025-10-24>
! You can't use `macro parameter character #' in vertical mode.
l.1 #
      1. Create a temporary file (esqet_draft.md) with the final content.
? pdflatex README.md
Type <return> to proceed, S to scroll future error messages,
R to run without stopping, Q to run quietly,
I to insert something, E to edit your file,
1 or ... or 9 to ignore the next 1 to 9 tokens of input,
H for help, X to quit.
? x
 
Here is how much of TeX's memory you used:
 15 strings out of 467747
 348 string characters out of 5412873
 433747 words of memory out of 5000000
 28809 multiletter control sequences out of 15000+600000
 627721 words of font info for 40 fonts, out of 8000000 for 9000
 1141 hyphenation exceptions out of 8191
 12i,0n,13p,110b,8s stack positions out of 10000i,1000n,20000p,200000b,200000s
No pages of output.
PDF statistics:
 0 PDF objects out of 1000 (max. 8388607)
 0 named destinations out of 1000 (max. 500000)
 1 words of extra memory for PDF output out of 10000 (max. 10000000)

